Using device: cuda
Train/Val/Test sizes: 628138 69794 116323

=== Training regime: fc ===
Epoch 1/3 | Train loss: 0.8064, acc: 0.763 | Val loss: 0.6386, acc: 0.793
Epoch 2/3 | Train loss: 0.6235, acc: 0.799 | Val loss: 0.5928, acc: 0.804
Epoch 3/3 | Train loss: 0.5963, acc: 0.805 | Val loss: 0.5993, acc: 0.804
Training time: 1980.8s
Test loss: 0.5985, Test acc: 0.803

Classification Report:
              precision    recall  f1-score   support

           0      0.611     0.893     0.725      5778
           1      0.625     0.962     0.757      6330
           2      0.929     0.877     0.902      5869
           3      0.915     0.970     0.942      5969
           4      0.855     0.951     0.900      5619
           5      0.835     0.897     0.865      5190
           6      0.935     0.952     0.943      5705
           7      0.949     0.958     0.953      6139
           8      0.959     0.933     0.946      5633
           9      0.892     0.944     0.917      5686
          10      0.769     0.891     0.825      1062
          11      0.774     0.809     0.791       648
          12      0.716     0.829     0.768      1739
          13      0.832     0.750     0.789       779
          14      0.884     0.793     0.836       851
          15      0.688     0.890     0.776      1440
          16      0.911     0.685     0.782       447
          17      0.886     0.704     0.785       521
          18      0.619     0.343     0.442      2048
          19      0.718     0.835     0.773       626
          20      0.663     0.654     0.659       382
          21      0.867     0.852     0.859       810
          22      0.747     0.834     0.788      1485
          23      0.880     0.850     0.864      1351
          24      0.721     0.333     0.456      4156
          25      0.810     0.841     0.825      1397
          26      0.677     0.847     0.753       413
          27      0.893     0.628     0.737       809
          28      0.798     0.737     0.766      3508
          29      0.940     0.819     0.876      1576
          30      0.696     0.870     0.773      2002
          31      0.561     0.771     0.649       796
          32      0.852     0.635     0.728       806
          33      0.661     0.817     0.731       432
          34      0.727     0.701     0.713       798
          35      0.635     0.532     0.579       464
          36      0.666     0.835     0.741      1644
          37      0.884     0.685     0.771       853
          38      0.306     0.035     0.062       432
          39      0.901     0.947     0.924      1683
          40      0.887     0.944     0.915      4092
          41      0.571     0.010     0.020       400
          42      0.479     0.443     0.460       589
          43      0.896     0.870     0.882      1479
          44      0.655     0.386     0.486       427
          45      0.981     0.322     0.485       317
          46      0.724     0.513     0.601       466
          47      0.508     0.065     0.115      2535
          48      0.349     0.080     0.130       464
          49      0.706     0.928     0.802      1898
          50      0.000     0.000     0.000       466
          51      0.468     0.356     0.404       368
          52      0.706     0.119     0.203       505
          53      0.866     0.931     0.897      2320
          54      0.220     0.025     0.045       437
          55      0.897     0.864     0.880      2965
          56      0.385     0.052     0.091       482
          57      0.547     0.100     0.170       468
          58      0.571     0.760     0.652       467
          59      0.781     0.502     0.611       470
          60      0.453     0.228     0.304       381
          61      0.512     0.517     0.514       451

    accuracy                          0.803    116323
   macro avg      0.715     0.647     0.651    116323
weighted avg      0.795     0.803     0.782    116323

Trainable Params: 0.03M

=== Training regime: layer4 ===
Epoch 1/3 | Train loss: 0.3943, acc: 0.858 | Val loss: 0.3526, acc: 0.868
Epoch 2/3 | Train loss: 0.3308, acc: 0.876 | Val loss: 0.3383, acc: 0.874
